<?xml version="1.0" encoding="UTF-8"?>
<!-- Generated by org.testng.reporters.JUnitReportReporter -->
<testsuite hostname="Clements-MacBook-Air.local" failures="0" tests="1" name="tests.PCOSReceipesPageTest" time="319.849" errors="0" timestamp="2023-12-18T20:01:40 EST" skipped="0">
  <testcase classname="tests.PCOSReceipesPageTest" name="PCOSReceipe" time="319.849"/>
  <system-out/>
</testsuite> <!-- tests.PCOSReceipesPageTest -->
