<?xml version="1.0" encoding="UTF-8"?>
<!-- Generated by org.testng.reporters.JUnitReportReporter -->
<testsuite hostname="Clements-MacBook-Air.local" failures="0" tests="1" name="tests.HomePageTest" time="0.045" errors="0" timestamp="2023-12-16T12:24:30 EST" skipped="0">
  <testcase classname="tests.HomePageTest" name="validateUserLandingHomePageTest" time="0.045"/>
  <system-out/>
</testsuite> <!-- tests.HomePageTest -->
