<?xml version="1.0" encoding="UTF-8"?>
<!-- Generated by org.testng.reporters.JUnitReportReporter -->
<testsuite hostname="LAPTOP-E49GIO4I" failures="0" tests="1" name="tests.HomePageTest" time="493.873" errors="0" timestamp="2023-12-18T11:35:18 EST" skipped="0">
  <testcase classname="tests.HomePageTest" name="getDiabetesRecipesToAdd" time="493.873"/>
</testsuite> <!-- tests.HomePageTest -->
