<?xml version="1.0" encoding="UTF-8"?>
<!-- Generated by org.testng.reporters.JUnitReportReporter -->
<testsuite hostname="Clements-MacBook-Air.local" failures="0" tests="1" name="tests.HomePageTest" time="2674.591" errors="0" timestamp="2023-12-19T16:09:43 EST" skipped="0">
  <testcase classname="tests.HomePageTest" name="PCOSreceipesToAdd" time="2674.591"/>
  <system-out/>
</testsuite> <!-- tests.HomePageTest -->
