<?xml version="1.0" encoding="UTF-8"?>
<!-- Generated by org.testng.reporters.JUnitReportReporter -->
<testsuite hostname="LAPTOP-E49GIO4I" failures="0" tests="1" name="tests.HomePageTest" time="546.942" errors="0" timestamp="2023-12-19T13:02:19 EST" skipped="0">
  <testcase classname="tests.HomePageTest" name="getDiabetesRecipesAfterAllergyCheck" time="546.942"/>
</testsuite> <!-- tests.HomePageTest -->
