<?xml version="1.0" encoding="UTF-8"?>
<!-- Generated by org.testng.reporters.JUnitReportReporter -->
<testsuite hostname="Clements-MacBook-Air.local" failures="0" tests="1" name="tests.PCOSReceipesToAddTest" time="293.077" errors="0" timestamp="2023-12-18T16:06:26 EST" skipped="0">
  <testcase classname="tests.PCOSReceipesToAddTest" name="PCOSreceipesToAdd" time="293.077"/>
  <system-out/>
</testsuite> <!-- tests.PCOSReceipesToAddTest -->
